<?xml version="1.0" encoding="UTF-8"?>
<testsuite xmlns:xsi="http://www.w3.org/2001/XMLSchema-instance" xsi:noNamespaceSchemaLocation="https://maven.apache.org/surefire/maven-surefire-plugin/xsd/surefire-test-report.xsd" name="com.savindi.codestatebkend.CodestatebkendApplicationTests" time="3.33" tests="1" errors="0" skipped="0" failures="0">
  <properties>
    <property name="java.specification.version" value="13"/>
    <property name="sun.jnu.encoding" value="UTF-8"/>
    <property name="java.class.path" value="/Users/jorge.andres.jimenez/OneDrive - Accenture/Accenture/git/git-test/code2statebck/target/test-classes:/Users/jorge.andres.jimenez/OneDrive - Accenture/Accenture/git/git-test/code2statebck/target/classes:/Users/jorge.andres.jimenez/.m2/repository/org/springframework/boot/spring-boot-starter-data-rest/2.1.4.RELEASE/spring-boot-starter-data-rest-2.1.4.RELEASE.jar:/Users/jorge.andres.jimenez/.m2/repository/org/springframework/data/spring-data-rest-webmvc/3.1.6.RELEASE/spring-data-rest-webmvc-3.1.6.RELEASE.jar:/Users/jorge.andres.jimenez/.m2/repository/org/springframework/data/spring-data-rest-core/3.1.6.RELEASE/spring-data-rest-core-3.1.6.RELEASE.jar:/Users/jorge.andres.jimenez/.m2/repository/org/springframework/spring-tx/5.1.6.RELEASE/spring-tx-5.1.6.RELEASE.jar:/Users/jorge.andres.jimenez/.m2/repository/org/springframework/hateoas/spring-hateoas/0.25.1.RELEASE/spring-hateoas-0.25.1.RELEASE.jar:/Users/jorge.andres.jimenez/.m2/repository/org/springframework/data/spring-data-commons/2.1.6.RELEASE/spring-data-commons-2.1.6.RELEASE.jar:/Users/jorge.andres.jimenez/.m2/repository/org/springframework/plugin/spring-plugin-core/1.2.0.RELEASE/spring-plugin-core-1.2.0.RELEASE.jar:/Users/jorge.andres.jimenez/.m2/repository/org/atteo/evo-inflector/1.2.2/evo-inflector-1.2.2.jar:/Users/jorge.andres.jimenez/.m2/repository/com/fasterxml/jackson/core/jackson-databind/2.9.8/jackson-databind-2.9.8.jar:/Users/jorge.andres.jimenez/.m2/repository/com/fasterxml/jackson/core/jackson-core/2.9.8/jackson-core-2.9.8.jar:/Users/jorge.andres.jimenez/.m2/repository/com/fasterxml/jackson/core/jackson-annotations/2.9.0/jackson-annotations-2.9.0.jar:/Users/jorge.andres.jimenez/.m2/repository/org/slf4j/slf4j-api/1.7.26/slf4j-api-1.7.26.jar:/Users/jorge.andres.jimenez/.m2/repository/org/springframework/boot/spring-boot-starter-web/2.1.4.RELEASE/spring-boot-starter-web-2.1.4.RELEASE.jar:/Users/jorge.andres.jimenez/.m2/repository/org/springframework/boot/spring-boot-starter/2.1.4.RELEASE/spring-boot-starter-2.1.4.RELEASE.jar:/Users/jorge.andres.jimenez/.m2/repository/org/springframework/boot/spring-boot/2.1.4.RELEASE/spring-boot-2.1.4.RELEASE.jar:/Users/jorge.andres.jimenez/.m2/repository/org/springframework/boot/spring-boot-autoconfigure/2.1.4.RELEASE/spring-boot-autoconfigure-2.1.4.RELEASE.jar:/Users/jorge.andres.jimenez/.m2/repository/org/springframework/boot/spring-boot-starter-logging/2.1.4.RELEASE/spring-boot-starter-logging-2.1.4.RELEASE.jar:/Users/jorge.andres.jimenez/.m2/repository/ch/qos/logback/logback-classic/1.2.3/logback-classic-1.2.3.jar:/Users/jorge.andres.jimenez/.m2/repository/ch/qos/logback/logback-core/1.2.3/logback-core-1.2.3.jar:/Users/jorge.andres.jimenez/.m2/repository/org/apache/logging/log4j/log4j-to-slf4j/2.11.2/log4j-to-slf4j-2.11.2.jar:/Users/jorge.andres.jimenez/.m2/repository/org/apache/logging/log4j/log4j-api/2.11.2/log4j-api-2.11.2.jar:/Users/jorge.andres.jimenez/.m2/repository/org/slf4j/jul-to-slf4j/1.7.26/jul-to-slf4j-1.7.26.jar:/Users/jorge.andres.jimenez/.m2/repository/javax/annotation/javax.annotation-api/1.3.2/javax.annotation-api-1.3.2.jar:/Users/jorge.andres.jimenez/.m2/repository/org/yaml/snakeyaml/1.23/snakeyaml-1.23.jar:/Users/jorge.andres.jimenez/.m2/repository/org/springframework/boot/spring-boot-starter-json/2.1.4.RELEASE/spring-boot-starter-json-2.1.4.RELEASE.jar:/Users/jorge.andres.jimenez/.m2/repository/com/fasterxml/jackson/datatype/jackson-datatype-jdk8/2.9.8/jackson-datatype-jdk8-2.9.8.jar:/Users/jorge.andres.jimenez/.m2/repository/com/fasterxml/jackson/datatype/jackson-datatype-jsr310/2.9.8/jackson-datatype-jsr310-2.9.8.jar:/Users/jorge.andres.jimenez/.m2/repository/com/fasterxml/jackson/module/jackson-module-parameter-names/2.9.8/jackson-module-parameter-names-2.9.8.jar:/Users/jorge.andres.jimenez/.m2/repository/org/springframework/boot/spring-boot-starter-tomcat/2.1.4.RELEASE/spring-boot-starter-tomcat-2.1.4.RELEASE.jar:/Users/jorge.andres.jimenez/.m2/repository/org/apache/tomcat/embed/tomcat-embed-core/9.0.17/tomcat-embed-core-9.0.17.jar:/Users/jorge.andres.jimenez/.m2/repository/org/apache/tomcat/embed/tomcat-embed-el/9.0.17/tomcat-embed-el-9.0.17.jar:/Users/jorge.andres.jimenez/.m2/repository/org/apache/tomcat/embed/tomcat-embed-websocket/9.0.17/tomcat-embed-websocket-9.0.17.jar:/Users/jorge.andres.jimenez/.m2/repository/org/hibernate/validator/hibernate-validator/6.0.16.Final/hibernate-validator-6.0.16.Final.jar:/Users/jorge.andres.jimenez/.m2/repository/javax/validation/validation-api/2.0.1.Final/validation-api-2.0.1.Final.jar:/Users/jorge.andres.jimenez/.m2/repository/org/jboss/logging/jboss-logging/3.3.2.Final/jboss-logging-3.3.2.Final.jar:/Users/jorge.andres.jimenez/.m2/repository/com/fasterxml/classmate/1.4.0/classmate-1.4.0.jar:/Users/jorge.andres.jimenez/.m2/repository/org/springframework/spring-web/5.1.6.RELEASE/spring-web-5.1.6.RELEASE.jar:/Users/jorge.andres.jimenez/.m2/repository/org/springframework/spring-beans/5.1.6.RELEASE/spring-beans-5.1.6.RELEASE.jar:/Users/jorge.andres.jimenez/.m2/repository/org/springframework/spring-webmvc/5.1.6.RELEASE/spring-webmvc-5.1.6.RELEASE.jar:/Users/jorge.andres.jimenez/.m2/repository/org/springframework/spring-aop/5.1.6.RELEASE/spring-aop-5.1.6.RELEASE.jar:/Users/jorge.andres.jimenez/.m2/repository/org/springframework/spring-expression/5.1.6.RELEASE/spring-expression-5.1.6.RELEASE.jar:/Users/jorge.andres.jimenez/.m2/repository/org/springframework/boot/spring-boot-starter-test/2.1.4.RELEASE/spring-boot-starter-test-2.1.4.RELEASE.jar:/Users/jorge.andres.jimenez/.m2/repository/org/springframework/boot/spring-boot-test/2.1.4.RELEASE/spring-boot-test-2.1.4.RELEASE.jar:/Users/jorge.andres.jimenez/.m2/repository/org/springframework/boot/spring-boot-test-autoconfigure/2.1.4.RELEASE/spring-boot-test-autoconfigure-2.1.4.RELEASE.jar:/Users/jorge.andres.jimenez/.m2/repository/com/jayway/jsonpath/json-path/2.4.0/json-path-2.4.0.jar:/Users/jorge.andres.jimenez/.m2/repository/net/minidev/json-smart/2.3/json-smart-2.3.jar:/Users/jorge.andres.jimenez/.m2/repository/net/minidev/accessors-smart/1.2/accessors-smart-1.2.jar:/Users/jorge.andres.jimenez/.m2/repository/org/ow2/asm/asm/5.0.4/asm-5.0.4.jar:/Users/jorge.andres.jimenez/.m2/repository/junit/junit/4.12/junit-4.12.jar:/Users/jorge.andres.jimenez/.m2/repository/org/assertj/assertj-core/3.11.1/assertj-core-3.11.1.jar:/Users/jorge.andres.jimenez/.m2/repository/org/mockito/mockito-core/2.23.4/mockito-core-2.23.4.jar:/Users/jorge.andres.jimenez/.m2/repository/net/bytebuddy/byte-buddy/1.9.12/byte-buddy-1.9.12.jar:/Users/jorge.andres.jimenez/.m2/repository/net/bytebuddy/byte-buddy-agent/1.9.12/byte-buddy-agent-1.9.12.jar:/Users/jorge.andres.jimenez/.m2/repository/org/objenesis/objenesis/2.6/objenesis-2.6.jar:/Users/jorge.andres.jimenez/.m2/repository/org/hamcrest/hamcrest-core/1.3/hamcrest-core-1.3.jar:/Users/jorge.andres.jimenez/.m2/repository/org/hamcrest/hamcrest-library/1.3/hamcrest-library-1.3.jar:/Users/jorge.andres.jimenez/.m2/repository/org/skyscreamer/jsonassert/1.5.0/jsonassert-1.5.0.jar:/Users/jorge.andres.jimenez/.m2/repository/com/vaadin/external/google/android-json/0.0.20131108.vaadin1/android-json-0.0.20131108.vaadin1.jar:/Users/jorge.andres.jimenez/.m2/repository/org/springframework/spring-core/5.1.6.RELEASE/spring-core-5.1.6.RELEASE.jar:/Users/jorge.andres.jimenez/.m2/repository/org/springframework/spring-jcl/5.1.6.RELEASE/spring-jcl-5.1.6.RELEASE.jar:/Users/jorge.andres.jimenez/.m2/repository/org/springframework/spring-test/5.1.6.RELEASE/spring-test-5.1.6.RELEASE.jar:/Users/jorge.andres.jimenez/.m2/repository/org/xmlunit/xmlunit-core/2.6.2/xmlunit-core-2.6.2.jar:/Users/jorge.andres.jimenez/.m2/repository/javax/xml/bind/jaxb-api/2.3.1/jaxb-api-2.3.1.jar:/Users/jorge.andres.jimenez/.m2/repository/javax/activation/javax.activation-api/1.2.0/javax.activation-api-1.2.0.jar:/Users/jorge.andres.jimenez/.m2/repository/com/amazonaws/aws-xray-recorder-sdk-spring/2.4.0/aws-xray-recorder-sdk-spring-2.4.0.jar:/Users/jorge.andres.jimenez/.m2/repository/org/springframework/spring-context-support/5.1.6.RELEASE/spring-context-support-5.1.6.RELEASE.jar:/Users/jorge.andres.jimenez/.m2/repository/org/springframework/spring-context/5.1.6.RELEASE/spring-context-5.1.6.RELEASE.jar:/Users/jorge.andres.jimenez/.m2/repository/org/springframework/spring-aspects/5.1.6.RELEASE/spring-aspects-5.1.6.RELEASE.jar:/Users/jorge.andres.jimenez/.m2/repository/org/aspectj/aspectjweaver/1.9.2/aspectjweaver-1.9.2.jar:/Users/jorge.andres.jimenez/.m2/repository/com/amazonaws/aws-xray-recorder-sdk-core/2.4.0/aws-xray-recorder-sdk-core-2.4.0.jar:/Users/jorge.andres.jimenez/.m2/repository/com/amazonaws/aws-java-sdk-xray/1.11.398/aws-java-sdk-xray-1.11.398.jar:/Users/jorge.andres.jimenez/.m2/repository/com/amazonaws/aws-java-sdk-core/1.11.398/aws-java-sdk-core-1.11.398.jar:/Users/jorge.andres.jimenez/.m2/repository/commons-logging/commons-logging/1.1.3/commons-logging-1.1.3.jar:/Users/jorge.andres.jimenez/.m2/repository/org/apache/httpcomponents/httpclient/4.5.8/httpclient-4.5.8.jar:/Users/jorge.andres.jimenez/.m2/repository/org/apache/httpcomponents/httpcore/4.4.11/httpcore-4.4.11.jar:/Users/jorge.andres.jimenez/.m2/repository/commons-codec/commons-codec/1.11/commons-codec-1.11.jar:/Users/jorge.andres.jimenez/.m2/repository/software/amazon/ion/ion-java/1.0.2/ion-java-1.0.2.jar:/Users/jorge.andres.jimenez/.m2/repository/com/fasterxml/jackson/dataformat/jackson-dataformat-cbor/2.9.8/jackson-dataformat-cbor-2.9.8.jar:/Users/jorge.andres.jimenez/.m2/repository/joda-time/joda-time/2.10.1/joda-time-2.10.1.jar:/Users/jorge.andres.jimenez/.m2/repository/com/amazonaws/jmespath-java/1.11.398/jmespath-java-1.11.398.jar:/Users/jorge.andres.jimenez/.m2/repository/org/aspectj/aspectjrt/1.9.2/aspectjrt-1.9.2.jar:"/>
    <property name="java.vm.vendor" value="Oracle Corporation"/>
    <property name="sun.arch.data.model" value="64"/>
    <property name="java.vendor.url" value="https://java.oracle.com/"/>
    <property name="os.name" value="Mac OS X"/>
    <property name="java.vm.specification.version" value="13"/>
    <property name="sun.java.launcher" value="SUN_STANDARD"/>
    <property name="user.country" value="CO"/>
    <property name="sun.boot.library.path" value="/Library/Java/JavaVirtualMachines/jdk-13.0.2.jdk/Contents/Home/lib"/>
    <property name="sun.java.command" value="/Users/jorge.andres.jimenez/OneDrive - Accenture/Accenture/git/git-test/code2statebck/target/surefire/surefirebooter10423427514166425339.jar /Users/jorge.andres.jimenez/OneDrive - Accenture/Accenture/git/git-test/code2statebck/target/surefire 2020-04-09T16-59-29_405-jvmRun1 surefire13922549219260271073tmp surefire_09679736159841696504tmp"/>
    <property name="jdk.debug" value="release"/>
    <property name="surefire.test.class.path" value="/Users/jorge.andres.jimenez/OneDrive - Accenture/Accenture/git/git-test/code2statebck/target/test-classes:/Users/jorge.andres.jimenez/OneDrive - Accenture/Accenture/git/git-test/code2statebck/target/classes:/Users/jorge.andres.jimenez/.m2/repository/org/springframework/boot/spring-boot-starter-data-rest/2.1.4.RELEASE/spring-boot-starter-data-rest-2.1.4.RELEASE.jar:/Users/jorge.andres.jimenez/.m2/repository/org/springframework/data/spring-data-rest-webmvc/3.1.6.RELEASE/spring-data-rest-webmvc-3.1.6.RELEASE.jar:/Users/jorge.andres.jimenez/.m2/repository/org/springframework/data/spring-data-rest-core/3.1.6.RELEASE/spring-data-rest-core-3.1.6.RELEASE.jar:/Users/jorge.andres.jimenez/.m2/repository/org/springframework/spring-tx/5.1.6.RELEASE/spring-tx-5.1.6.RELEASE.jar:/Users/jorge.andres.jimenez/.m2/repository/org/springframework/hateoas/spring-hateoas/0.25.1.RELEASE/spring-hateoas-0.25.1.RELEASE.jar:/Users/jorge.andres.jimenez/.m2/repository/org/springframework/data/spring-data-commons/2.1.6.RELEASE/spring-data-commons-2.1.6.RELEASE.jar:/Users/jorge.andres.jimenez/.m2/repository/org/springframework/plugin/spring-plugin-core/1.2.0.RELEASE/spring-plugin-core-1.2.0.RELEASE.jar:/Users/jorge.andres.jimenez/.m2/repository/org/atteo/evo-inflector/1.2.2/evo-inflector-1.2.2.jar:/Users/jorge.andres.jimenez/.m2/repository/com/fasterxml/jackson/core/jackson-databind/2.9.8/jackson-databind-2.9.8.jar:/Users/jorge.andres.jimenez/.m2/repository/com/fasterxml/jackson/core/jackson-core/2.9.8/jackson-core-2.9.8.jar:/Users/jorge.andres.jimenez/.m2/repository/com/fasterxml/jackson/core/jackson-annotations/2.9.0/jackson-annotations-2.9.0.jar:/Users/jorge.andres.jimenez/.m2/repository/org/slf4j/slf4j-api/1.7.26/slf4j-api-1.7.26.jar:/Users/jorge.andres.jimenez/.m2/repository/org/springframework/boot/spring-boot-starter-web/2.1.4.RELEASE/spring-boot-starter-web-2.1.4.RELEASE.jar:/Users/jorge.andres.jimenez/.m2/repository/org/springframework/boot/spring-boot-starter/2.1.4.RELEASE/spring-boot-starter-2.1.4.RELEASE.jar:/Users/jorge.andres.jimenez/.m2/repository/org/springframework/boot/spring-boot/2.1.4.RELEASE/spring-boot-2.1.4.RELEASE.jar:/Users/jorge.andres.jimenez/.m2/repository/org/springframework/boot/spring-boot-autoconfigure/2.1.4.RELEASE/spring-boot-autoconfigure-2.1.4.RELEASE.jar:/Users/jorge.andres.jimenez/.m2/repository/org/springframework/boot/spring-boot-starter-logging/2.1.4.RELEASE/spring-boot-starter-logging-2.1.4.RELEASE.jar:/Users/jorge.andres.jimenez/.m2/repository/ch/qos/logback/logback-classic/1.2.3/logback-classic-1.2.3.jar:/Users/jorge.andres.jimenez/.m2/repository/ch/qos/logback/logback-core/1.2.3/logback-core-1.2.3.jar:/Users/jorge.andres.jimenez/.m2/repository/org/apache/logging/log4j/log4j-to-slf4j/2.11.2/log4j-to-slf4j-2.11.2.jar:/Users/jorge.andres.jimenez/.m2/repository/org/apache/logging/log4j/log4j-api/2.11.2/log4j-api-2.11.2.jar:/Users/jorge.andres.jimenez/.m2/repository/org/slf4j/jul-to-slf4j/1.7.26/jul-to-slf4j-1.7.26.jar:/Users/jorge.andres.jimenez/.m2/repository/javax/annotation/javax.annotation-api/1.3.2/javax.annotation-api-1.3.2.jar:/Users/jorge.andres.jimenez/.m2/repository/org/yaml/snakeyaml/1.23/snakeyaml-1.23.jar:/Users/jorge.andres.jimenez/.m2/repository/org/springframework/boot/spring-boot-starter-json/2.1.4.RELEASE/spring-boot-starter-json-2.1.4.RELEASE.jar:/Users/jorge.andres.jimenez/.m2/repository/com/fasterxml/jackson/datatype/jackson-datatype-jdk8/2.9.8/jackson-datatype-jdk8-2.9.8.jar:/Users/jorge.andres.jimenez/.m2/repository/com/fasterxml/jackson/datatype/jackson-datatype-jsr310/2.9.8/jackson-datatype-jsr310-2.9.8.jar:/Users/jorge.andres.jimenez/.m2/repository/com/fasterxml/jackson/module/jackson-module-parameter-names/2.9.8/jackson-module-parameter-names-2.9.8.jar:/Users/jorge.andres.jimenez/.m2/repository/org/springframework/boot/spring-boot-starter-tomcat/2.1.4.RELEASE/spring-boot-starter-tomcat-2.1.4.RELEASE.jar:/Users/jorge.andres.jimenez/.m2/repository/org/apache/tomcat/embed/tomcat-embed-core/9.0.17/tomcat-embed-core-9.0.17.jar:/Users/jorge.andres.jimenez/.m2/repository/org/apache/tomcat/embed/tomcat-embed-el/9.0.17/tomcat-embed-el-9.0.17.jar:/Users/jorge.andres.jimenez/.m2/repository/org/apache/tomcat/embed/tomcat-embed-websocket/9.0.17/tomcat-embed-websocket-9.0.17.jar:/Users/jorge.andres.jimenez/.m2/repository/org/hibernate/validator/hibernate-validator/6.0.16.Final/hibernate-validator-6.0.16.Final.jar:/Users/jorge.andres.jimenez/.m2/repository/javax/validation/validation-api/2.0.1.Final/validation-api-2.0.1.Final.jar:/Users/jorge.andres.jimenez/.m2/repository/org/jboss/logging/jboss-logging/3.3.2.Final/jboss-logging-3.3.2.Final.jar:/Users/jorge.andres.jimenez/.m2/repository/com/fasterxml/classmate/1.4.0/classmate-1.4.0.jar:/Users/jorge.andres.jimenez/.m2/repository/org/springframework/spring-web/5.1.6.RELEASE/spring-web-5.1.6.RELEASE.jar:/Users/jorge.andres.jimenez/.m2/repository/org/springframework/spring-beans/5.1.6.RELEASE/spring-beans-5.1.6.RELEASE.jar:/Users/jorge.andres.jimenez/.m2/repository/org/springframework/spring-webmvc/5.1.6.RELEASE/spring-webmvc-5.1.6.RELEASE.jar:/Users/jorge.andres.jimenez/.m2/repository/org/springframework/spring-aop/5.1.6.RELEASE/spring-aop-5.1.6.RELEASE.jar:/Users/jorge.andres.jimenez/.m2/repository/org/springframework/spring-expression/5.1.6.RELEASE/spring-expression-5.1.6.RELEASE.jar:/Users/jorge.andres.jimenez/.m2/repository/org/springframework/boot/spring-boot-starter-test/2.1.4.RELEASE/spring-boot-starter-test-2.1.4.RELEASE.jar:/Users/jorge.andres.jimenez/.m2/repository/org/springframework/boot/spring-boot-test/2.1.4.RELEASE/spring-boot-test-2.1.4.RELEASE.jar:/Users/jorge.andres.jimenez/.m2/repository/org/springframework/boot/spring-boot-test-autoconfigure/2.1.4.RELEASE/spring-boot-test-autoconfigure-2.1.4.RELEASE.jar:/Users/jorge.andres.jimenez/.m2/repository/com/jayway/jsonpath/json-path/2.4.0/json-path-2.4.0.jar:/Users/jorge.andres.jimenez/.m2/repository/net/minidev/json-smart/2.3/json-smart-2.3.jar:/Users/jorge.andres.jimenez/.m2/repository/net/minidev/accessors-smart/1.2/accessors-smart-1.2.jar:/Users/jorge.andres.jimenez/.m2/repository/org/ow2/asm/asm/5.0.4/asm-5.0.4.jar:/Users/jorge.andres.jimenez/.m2/repository/junit/junit/4.12/junit-4.12.jar:/Users/jorge.andres.jimenez/.m2/repository/org/assertj/assertj-core/3.11.1/assertj-core-3.11.1.jar:/Users/jorge.andres.jimenez/.m2/repository/org/mockito/mockito-core/2.23.4/mockito-core-2.23.4.jar:/Users/jorge.andres.jimenez/.m2/repository/net/bytebuddy/byte-buddy/1.9.12/byte-buddy-1.9.12.jar:/Users/jorge.andres.jimenez/.m2/repository/net/bytebuddy/byte-buddy-agent/1.9.12/byte-buddy-agent-1.9.12.jar:/Users/jorge.andres.jimenez/.m2/repository/org/objenesis/objenesis/2.6/objenesis-2.6.jar:/Users/jorge.andres.jimenez/.m2/repository/org/hamcrest/hamcrest-core/1.3/hamcrest-core-1.3.jar:/Users/jorge.andres.jimenez/.m2/repository/org/hamcrest/hamcrest-library/1.3/hamcrest-library-1.3.jar:/Users/jorge.andres.jimenez/.m2/repository/org/skyscreamer/jsonassert/1.5.0/jsonassert-1.5.0.jar:/Users/jorge.andres.jimenez/.m2/repository/com/vaadin/external/google/android-json/0.0.20131108.vaadin1/android-json-0.0.20131108.vaadin1.jar:/Users/jorge.andres.jimenez/.m2/repository/org/springframework/spring-core/5.1.6.RELEASE/spring-core-5.1.6.RELEASE.jar:/Users/jorge.andres.jimenez/.m2/repository/org/springframework/spring-jcl/5.1.6.RELEASE/spring-jcl-5.1.6.RELEASE.jar:/Users/jorge.andres.jimenez/.m2/repository/org/springframework/spring-test/5.1.6.RELEASE/spring-test-5.1.6.RELEASE.jar:/Users/jorge.andres.jimenez/.m2/repository/org/xmlunit/xmlunit-core/2.6.2/xmlunit-core-2.6.2.jar:/Users/jorge.andres.jimenez/.m2/repository/javax/xml/bind/jaxb-api/2.3.1/jaxb-api-2.3.1.jar:/Users/jorge.andres.jimenez/.m2/repository/javax/activation/javax.activation-api/1.2.0/javax.activation-api-1.2.0.jar:/Users/jorge.andres.jimenez/.m2/repository/com/amazonaws/aws-xray-recorder-sdk-spring/2.4.0/aws-xray-recorder-sdk-spring-2.4.0.jar:/Users/jorge.andres.jimenez/.m2/repository/org/springframework/spring-context-support/5.1.6.RELEASE/spring-context-support-5.1.6.RELEASE.jar:/Users/jorge.andres.jimenez/.m2/repository/org/springframework/spring-context/5.1.6.RELEASE/spring-context-5.1.6.RELEASE.jar:/Users/jorge.andres.jimenez/.m2/repository/org/springframework/spring-aspects/5.1.6.RELEASE/spring-aspects-5.1.6.RELEASE.jar:/Users/jorge.andres.jimenez/.m2/repository/org/aspectj/aspectjweaver/1.9.2/aspectjweaver-1.9.2.jar:/Users/jorge.andres.jimenez/.m2/repository/com/amazonaws/aws-xray-recorder-sdk-core/2.4.0/aws-xray-recorder-sdk-core-2.4.0.jar:/Users/jorge.andres.jimenez/.m2/repository/com/amazonaws/aws-java-sdk-xray/1.11.398/aws-java-sdk-xray-1.11.398.jar:/Users/jorge.andres.jimenez/.m2/repository/com/amazonaws/aws-java-sdk-core/1.11.398/aws-java-sdk-core-1.11.398.jar:/Users/jorge.andres.jimenez/.m2/repository/commons-logging/commons-logging/1.1.3/commons-logging-1.1.3.jar:/Users/jorge.andres.jimenez/.m2/repository/org/apache/httpcomponents/httpclient/4.5.8/httpclient-4.5.8.jar:/Users/jorge.andres.jimenez/.m2/repository/org/apache/httpcomponents/httpcore/4.4.11/httpcore-4.4.11.jar:/Users/jorge.andres.jimenez/.m2/repository/commons-codec/commons-codec/1.11/commons-codec-1.11.jar:/Users/jorge.andres.jimenez/.m2/repository/software/amazon/ion/ion-java/1.0.2/ion-java-1.0.2.jar:/Users/jorge.andres.jimenez/.m2/repository/com/fasterxml/jackson/dataformat/jackson-dataformat-cbor/2.9.8/jackson-dataformat-cbor-2.9.8.jar:/Users/jorge.andres.jimenez/.m2/repository/joda-time/joda-time/2.10.1/joda-time-2.10.1.jar:/Users/jorge.andres.jimenez/.m2/repository/com/amazonaws/jmespath-java/1.11.398/jmespath-java-1.11.398.jar:/Users/jorge.andres.jimenez/.m2/repository/org/aspectj/aspectjrt/1.9.2/aspectjrt-1.9.2.jar:"/>
    <property name="sun.cpu.endian" value="little"/>
    <property name="user.home" value="/Users/jorge.andres.jimenez"/>
    <property name="user.language" value="es"/>
    <property name="java.specification.vendor" value="Oracle Corporation"/>
    <property name="java.version.date" value="2020-01-14"/>
    <property name="java.home" value="/Library/Java/JavaVirtualMachines/jdk-13.0.2.jdk/Contents/Home"/>
    <property name="file.separator" value="/"/>
    <property name="basedir" value="/Users/jorge.andres.jimenez/OneDrive - Accenture/Accenture/git/git-test/code2statebck"/>
    <property name="java.vm.compressedOopsMode" value="Zero based"/>
    <property name="line.separator" value="&#10;"/>
    <property name="java.vm.specification.vendor" value="Oracle Corporation"/>
    <property name="java.specification.name" value="Java Platform API Specification"/>
    <property name="surefire.real.class.path" value="/Users/jorge.andres.jimenez/OneDrive - Accenture/Accenture/git/git-test/code2statebck/target/surefire/surefirebooter10423427514166425339.jar"/>
    <property name="sun.management.compiler" value="HotSpot 64-Bit Tiered Compilers"/>
    <property name="java.runtime.version" value="13.0.2+8"/>
    <property name="user.name" value="jorge.andres.jimenez"/>
    <property name="path.separator" value=":"/>
    <property name="os.version" value="10.14.6"/>
    <property name="java.runtime.name" value="Java(TM) SE Runtime Environment"/>
    <property name="file.encoding" value="UTF-8"/>
    <property name="java.vm.name" value="Java HotSpot(TM) 64-Bit Server VM"/>
    <property name="localRepository" value="/Users/jorge.andres.jimenez/.m2/repository"/>
    <property name="java.vendor.url.bug" value="https://bugreport.java.com/bugreport/"/>
    <property name="java.io.tmpdir" value="/var/folders/pc/vf71ff5508bfml_75jwdx6b80000gq/T/"/>
    <property name="java.version" value="13.0.2"/>
    <property name="user.dir" value="/Users/jorge.andres.jimenez/OneDrive - Accenture/Accenture/git/git-test/code2statebck"/>
    <property name="os.arch" value="x86_64"/>
    <property name="java.vm.specification.name" value="Java Virtual Machine Specification"/>
    <property name="env.DOCKER_IMAGE" value="api-test-back"/>
    <property name="java.library.path" value="/Users/jorge.andres.jimenez/Library/Java/Extensions:/Library/Java/Extensions:/Network/Library/Java/Extensions:/System/Library/Java/Extensions:/usr/lib/java:."/>
    <property name="java.vm.info" value="mixed mode, sharing"/>
    <property name="java.vendor" value="Oracle Corporation"/>
    <property name="java.vm.version" value="13.0.2+8"/>
    <property name="sun.io.unicode.encoding" value="UnicodeBig"/>
    <property name="java.class.version" value="57.0"/>
  </properties>
  <testcase name="contextLoads" classname="com.savindi.codestatebkend.CodestatebkendApplicationTests" time="0.353"/>
</testsuite>